Build started 2015-02-15 8:34:32 PM.
     1>Project "C:\Users\Benjamin\Documents\Visual Studio 2013\Projects\KleptoEngine\KleptoEngine\KleptoEngine.vcxproj" on node 2 (Build target(s)).
     1>ClCompile:
         C:\Program Files (x86)\Microsoft Visual Studio 12.0\VC\bin\CL.exe /c /I"C:\Users\Benjamin\Documents\Visual Studio 2013\Projects\KleptoEngine\SharedFiles" /I"C:\Users\Benjamin\Documents\Visual Studio 2013\Projects\KleptoEngine\OpenAL/include" /I"C:\Users\Benjamin\Documents\Visual Studio 2013\Projects\KleptoEngine\LibPng/Include" /I"C:\Users\Benjamin\Documents\Visual Studio 2013\Projects\KleptoEngine\FreeGlut/Include" /I"C:\Users\Benjamin\Documents\Visual Studio 2013\Projects\KleptoEngine\FreeType/Include" /ZI /nologo /W3 /WX- /sdl /Od /Oy- /D _VERBOSE /D _MBCS /D _MBCS /Gm /EHsc /RTC1 /MDd /GS /fp:precise /Zc:wchar_t /Zc:forScope /Fo"Verbose\\" /Fd"Verbose\vc120.pdb" /Gd /TP /analyze- /errorReport:prompt ..\SharedFiles\VectorTypes.cpp Actor.cpp AnimationSequence.cpp BasicEntity.cpp BasicObject.cpp Image.cpp Player.cpp Renderer.cpp EngineSource.cpp Sprite.cpp Tile.cpp World2D.cpp WorldObject2D.cpp
         WorldObject2D.cpp
         World2D.cpp
     1>c:\users\benjamin\documents\visual studio 2013\projects\kleptoengine\kleptoengine\world2d.cpp(206): warning C4244: 'argument' : conversion from 'ULong' to 'Uint', possible loss of data
     1>c:\users\benjamin\documents\visual studio 2013\projects\kleptoengine\kleptoengine\world2d.cpp(216): warning C4244: 'argument' : conversion from 'ULong' to 'Uint', possible loss of data
         Tile.cpp
         Sprite.cpp
         EngineSource.cpp
         Renderer.cpp
     1>c:\users\benjamin\documents\visual studio 2013\projects\kleptoengine\kleptoengine\renderer.cpp(145): warning C4244: 'argument' : conversion from 'unsigned __int64' to 'GLsizei', possible loss of data
     1>c:\users\benjamin\documents\visual studio 2013\projects\kleptoengine\kleptoengine\renderer.cpp(258): warning C4244: 'argument' : conversion from 'ULong' to 'unsigned int', possible loss of data
     1>c:\users\benjamin\documents\visual studio 2013\projects\kleptoengine\kleptoengine\renderer.cpp(267): warning C4244: 'argument' : conversion from 'ULong' to 'unsigned int', possible loss of data
         Player.cpp
         Image.cpp
         BasicObject.cpp
         BasicEntity.cpp
         AnimationSequence.cpp
         Actor.cpp
         VectorTypes.cpp
         Generating Code...
       Link:
         C:\Program Files (x86)\Microsoft Visual Studio 12.0\VC\bin\link.exe /ERRORREPORT:PROMPT /OUT:"C:\Users\Benjamin\Documents\Visual Studio 2013\Projects\KleptoEngine\Verbose\KleptoEngine.exe" /INCREMENTAL /NOLOGO /LIBPATH:"C:\Users\Benjamin\Documents\Visual Studio 2013\Projects\KleptoEngine\OpenAL/libs/Win32" /LIBPATH:"C:\Users\Benjamin\Documents\Visual Studio 2013\Projects\KleptoEngine\LibPng/Lib/Release" /LIBPATH:"C:\Users\Benjamin\Documents\Visual Studio 2013\Projects\KleptoEngine\FreeType/Libs/Debug" /LIBPATH:"C:\Users\Benjamin\Documents\Visual Studio 2013\Projects\KleptoEngine\FreeGlut/libs/Debug" "EFX-Util_MTDLL/EFX-Util.lib" "EFX-Util_MT/EFX-Util.lib" OpenAL32.lib freetype240.lib freeglut.lib libpng16.lib kernel32.lib user32.lib gdi32.lib winspool.lib comdlg32.lib advapi32.lib shell32.lib ole32.lib oleaut32.lib uuid.lib odbc32.lib odbccp32.lib kernel32.lib user32.lib gdi32.lib winspool.lib comdlg32.lib advapi32.lib shell32.lib ole32.lib oleaut32.lib uuid.lib odbc32.lib odbccp32.lib /MANIFEST /MANIFESTUAC:"level='asInvoker' uiAccess='false'" /manifest:embed /DEBUG /PDB:"C:\Users\Benjamin\Documents\Visual Studio 2013\Projects\KleptoEngine\Verbose\KleptoEngine.pdb" /TLBID:1 /DYNAMICBASE /NXCOMPAT /IMPLIB:"C:\Users\Benjamin\Documents\Visual Studio 2013\Projects\KleptoEngine\Verbose\KleptoEngine.lib" /MACHINE:X86 Verbose\VectorTypes.obj
         Verbose\Actor.obj
         Verbose\AnimationSequence.obj
         Verbose\BasicEntity.obj
         Verbose\BasicObject.obj
         Verbose\Image.obj
         Verbose\Player.obj
         Verbose\Renderer.obj
         Verbose\EngineSource.obj
         Verbose\Sprite.obj
         Verbose\Tile.obj
         Verbose\World2D.obj
         Verbose\WorldObject2D.obj
         KleptoEngine.vcxproj -> C:\Users\Benjamin\Documents\Visual Studio 2013\Projects\KleptoEngine\Verbose\KleptoEngine.exe
     1>Done Building Project "C:\Users\Benjamin\Documents\Visual Studio 2013\Projects\KleptoEngine\KleptoEngine\KleptoEngine.vcxproj" (Build target(s)).

Build succeeded.

Time Elapsed 00:00:10.23
