c:\users\benjamin\documents\visual studio 2013\projects\pure kleptomania\pure kleptomania\release\worldobject2d.obj
c:\users\benjamin\documents\visual studio 2013\projects\pure kleptomania\pure kleptomania\release\world2d.obj
c:\users\benjamin\documents\visual studio 2013\projects\pure kleptomania\pure kleptomania\release\vectortypes.obj
c:\users\benjamin\documents\visual studio 2013\projects\pure kleptomania\pure kleptomania\release\tile.obj
c:\users\benjamin\documents\visual studio 2013\projects\pure kleptomania\pure kleptomania\release\sprite.obj
c:\users\benjamin\documents\visual studio 2013\projects\pure kleptomania\pure kleptomania\release\actor.obj
c:\users\benjamin\documents\visual studio 2013\projects\pure kleptomania\pure kleptomania\release\source.obj
c:\users\benjamin\documents\visual studio 2013\projects\pure kleptomania\pure kleptomania\release\renderer.obj
c:\users\benjamin\documents\visual studio 2013\projects\pure kleptomania\pure kleptomania\release\player.obj
c:\users\benjamin\documents\visual studio 2013\projects\pure kleptomania\pure kleptomania\release\image.obj
c:\users\benjamin\documents\visual studio 2013\projects\pure kleptomania\pure kleptomania\release\basicobject.obj
c:\users\benjamin\documents\visual studio 2013\projects\pure kleptomania\pure kleptomania\release\basicentity.obj
c:\users\benjamin\documents\visual studio 2013\projects\pure kleptomania\pure kleptomania\release\vc120.pdb
c:\users\benjamin\documents\visual studio 2013\projects\pure kleptomania\release\pure kleptomania.exe
c:\users\benjamin\documents\visual studio 2013\projects\pure kleptomania\release\pure kleptomania.pdb
c:\users\benjamin\documents\visual studio 2013\projects\pure kleptomania\pure kleptomania\release\pure kleptomania.tlog\cl.command.1.tlog
c:\users\benjamin\documents\visual studio 2013\projects\pure kleptomania\pure kleptomania\release\pure kleptomania.tlog\cl.read.1.tlog
c:\users\benjamin\documents\visual studio 2013\projects\pure kleptomania\pure kleptomania\release\pure kleptomania.tlog\cl.write.1.tlog
c:\users\benjamin\documents\visual studio 2013\projects\pure kleptomania\pure kleptomania\release\pure kleptomania.tlog\link.command.1.tlog
c:\users\benjamin\documents\visual studio 2013\projects\pure kleptomania\pure kleptomania\release\pure kleptomania.tlog\link.read.1.tlog
c:\users\benjamin\documents\visual studio 2013\projects\pure kleptomania\pure kleptomania\release\pure kleptomania.tlog\link.write.1.tlog
