Build started 2014-11-07 10:25:33 AM.
     1>Project "C:\Users\Benjamin\Documents\Visual Studio 2013\Projects\Pure Kleptomania\Pure Kleptomania\Pure Kleptomania.vcxproj" on node 2 (Build target(s)).
     1>ClCompile:
         C:\Program Files (x86)\Microsoft Visual Studio 12.0\VC\bin\CL.exe /c /I"C:\Users\Benjamin\Documents\Visual Studio 2013\Projects\Pure Kleptomania\LibPng\include" /I"C:\Users\Benjamin\Documents\Visual Studio 2013\Projects\Pure Kleptomania\FreeGlut\include" /nologo /W3 /WX- /sdl /Od /Oi /Oy- /GL /D _MBCS /Gm- /EHsc /MD /GS /Gy /fp:precise /Zc:wchar_t /Zc:forScope /Fo"Release\\" /Fd"Release\vc120.pdb" /Gd /TP /analyze- /errorReport:prompt BasicEntity.cpp BasicObject.cpp Image.cpp Player.cpp Renderer.cpp Source.cpp Actor.cpp Sprite.cpp Tile.cpp VectorTypes.cpp World2D.cpp WorldObject2D.cpp
         BasicEntity.cpp
         BasicObject.cpp
         Image.cpp
         Player.cpp
         Renderer.cpp
         Source.cpp
         Actor.cpp
         Sprite.cpp
         Tile.cpp
         VectorTypes.cpp
         World2D.cpp
         WorldObject2D.cpp
       Link:
         C:\Program Files (x86)\Microsoft Visual Studio 12.0\VC\bin\link.exe /ERRORREPORT:PROMPT /OUT:"C:\Users\Benjamin\Documents\Visual Studio 2013\Projects\Pure Kleptomania\Release\Pure Kleptomania.exe" /NOLOGO /LIBPATH:"C:\Users\Benjamin\Documents\Visual Studio 2013\Projects\Pure Kleptomania\LibPng/Lib/Release" /LIBPATH:"C:\Users\Benjamin\Documents\Visual Studio 2013\Projects\Pure Kleptomania\FreeGlut/libs/x86" libpng16.lib freeglut.lib kernel32.lib user32.lib gdi32.lib winspool.lib comdlg32.lib advapi32.lib shell32.lib ole32.lib oleaut32.lib uuid.lib odbc32.lib odbccp32.lib kernel32.lib user32.lib gdi32.lib winspool.lib comdlg32.lib advapi32.lib shell32.lib ole32.lib oleaut32.lib uuid.lib odbc32.lib odbccp32.lib /MANIFEST /MANIFESTUAC:"level='asInvoker' uiAccess='false'" /manifest:embed /DEBUG /PDB:"C:\Users\Benjamin\Documents\Visual Studio 2013\Projects\Pure Kleptomania\Release\Pure Kleptomania.pdb" /OPT:REF /OPT:ICF /LTCG /TLBID:1 /DYNAMICBASE /NXCOMPAT /IMPLIB:"C:\Users\Benjamin\Documents\Visual Studio 2013\Projects\Pure Kleptomania\Release\Pure Kleptomania.lib" /MACHINE:X86 /SAFESEH Release\BasicEntity.obj
         Release\BasicObject.obj
         Release\Image.obj
         Release\Player.obj
         Release\Renderer.obj
         Release\Source.obj
         Release\Actor.obj
         Release\Sprite.obj
         Release\Tile.obj
         Release\VectorTypes.obj
         Release\World2D.obj
         Release\WorldObject2D.obj
         Generating code
         Finished generating code
         Pure Kleptomania.vcxproj -> C:\Users\Benjamin\Documents\Visual Studio 2013\Projects\Pure Kleptomania\Release\Pure Kleptomania.exe
     1>Done Building Project "C:\Users\Benjamin\Documents\Visual Studio 2013\Projects\Pure Kleptomania\Pure Kleptomania\Pure Kleptomania.vcxproj" (Build target(s)).

Build succeeded.

Time Elapsed 00:00:11.58
