c:\users\benjamin\documents\visual studio 2013\projects\kleptoengine\kleptoengine\verbose\vc120.pdb
c:\users\benjamin\documents\visual studio 2013\projects\kleptoengine\kleptoengine\verbose\vc120.idb
c:\users\benjamin\documents\visual studio 2013\projects\kleptoengine\kleptoengine\verbose\actor.nativecodeanalysis.xml
c:\users\benjamin\documents\visual studio 2013\projects\kleptoengine\kleptoengine\verbose\basicentity.nativecodeanalysis.xml
c:\users\benjamin\documents\visual studio 2013\projects\kleptoengine\kleptoengine\verbose\basicobject.nativecodeanalysis.xml
c:\users\benjamin\documents\visual studio 2013\projects\kleptoengine\kleptoengine\verbose\image.nativecodeanalysis.xml
c:\users\benjamin\documents\visual studio 2013\projects\kleptoengine\kleptoengine\verbose\player.nativecodeanalysis.xml
c:\users\benjamin\documents\visual studio 2013\projects\kleptoengine\kleptoengine\verbose\renderer.nativecodeanalysis.xml
c:\users\benjamin\documents\visual studio 2013\projects\kleptoengine\kleptoengine\verbose\source.nativecodeanalysis.xml
c:\users\benjamin\documents\visual studio 2013\projects\kleptoengine\kleptoengine\verbose\sprite.nativecodeanalysis.xml
c:\users\benjamin\documents\visual studio 2013\projects\kleptoengine\kleptoengine\verbose\tile.nativecodeanalysis.xml
c:\users\benjamin\documents\visual studio 2013\projects\kleptoengine\kleptoengine\verbose\vectortypes.nativecodeanalysis.xml
c:\users\benjamin\documents\visual studio 2013\projects\kleptoengine\kleptoengine\verbose\world2d.nativecodeanalysis.xml
c:\users\benjamin\documents\visual studio 2013\projects\kleptoengine\kleptoengine\verbose\worldobject2d.nativecodeanalysis.xml
c:\users\benjamin\documents\visual studio 2013\projects\kleptoengine\kleptoengine\verbose\worldobject2d.obj
c:\users\benjamin\documents\visual studio 2013\projects\kleptoengine\kleptoengine\verbose\world2d.obj
c:\users\benjamin\documents\visual studio 2013\projects\kleptoengine\kleptoengine\verbose\vectortypes.obj
c:\users\benjamin\documents\visual studio 2013\projects\kleptoengine\kleptoengine\verbose\tile.obj
c:\users\benjamin\documents\visual studio 2013\projects\kleptoengine\kleptoengine\verbose\sprite.obj
c:\users\benjamin\documents\visual studio 2013\projects\kleptoengine\kleptoengine\verbose\source.obj
c:\users\benjamin\documents\visual studio 2013\projects\kleptoengine\kleptoengine\verbose\renderer.obj
c:\users\benjamin\documents\visual studio 2013\projects\kleptoengine\kleptoengine\verbose\player.obj
c:\users\benjamin\documents\visual studio 2013\projects\kleptoengine\kleptoengine\verbose\image.obj
c:\users\benjamin\documents\visual studio 2013\projects\kleptoengine\kleptoengine\verbose\basicobject.obj
c:\users\benjamin\documents\visual studio 2013\projects\kleptoengine\kleptoengine\verbose\basicentity.obj
c:\users\benjamin\documents\visual studio 2013\projects\kleptoengine\kleptoengine\verbose\actor.obj
c:\users\benjamin\documents\visual studio 2013\projects\kleptoengine\verbose\kleptoengine.ilk
c:\users\benjamin\documents\visual studio 2013\projects\kleptoengine\verbose\kleptoengine.exe
c:\users\benjamin\documents\visual studio 2013\projects\kleptoengine\verbose\kleptoengine.pdb
c:\users\benjamin\documents\visual studio 2013\projects\kleptoengine\kleptoengine\verbose\nativecodeanalysis.read.1.tlog
c:\users\benjamin\documents\visual studio 2013\projects\kleptoengine\kleptoengine\verbose\vc.nativecodeanalysis.all.xml
c:\users\benjamin\documents\visual studio 2013\projects\kleptoengine\verbose\kleptoengine.exe.lastcodeanalysissucceeded
c:\users\benjamin\documents\visual studio 2013\projects\kleptoengine\kleptoengine\verbose\kleptoengine.tlog\cl.command.1.tlog
c:\users\benjamin\documents\visual studio 2013\projects\kleptoengine\kleptoengine\verbose\kleptoengine.tlog\cl.read.1.tlog
c:\users\benjamin\documents\visual studio 2013\projects\kleptoengine\kleptoengine\verbose\kleptoengine.tlog\cl.write.1.tlog
c:\users\benjamin\documents\visual studio 2013\projects\kleptoengine\kleptoengine\verbose\kleptoengine.tlog\link.command.1.tlog
c:\users\benjamin\documents\visual studio 2013\projects\kleptoengine\kleptoengine\verbose\kleptoengine.tlog\link.read.1.tlog
c:\users\benjamin\documents\visual studio 2013\projects\kleptoengine\kleptoengine\verbose\kleptoengine.tlog\link.write.1.tlog
