c:\users\benjamin\documents\visual studio 2013\projects\kleptoengine\kleptoeditor\verbose\vc120.pdb
c:\users\benjamin\documents\visual studio 2013\projects\kleptoengine\kleptoeditor\verbose\vc120.idb
c:\users\benjamin\documents\visual studio 2013\projects\kleptoengine\kleptoeditor\verbose\editorsource.obj
c:\users\benjamin\documents\visual studio 2013\projects\kleptoengine\verbose\kleptoeditor.pdb
c:\users\benjamin\documents\visual studio 2013\projects\kleptoengine\kleptoeditor\verbose\kleptoeditor.tlog\cl.command.1.tlog
c:\users\benjamin\documents\visual studio 2013\projects\kleptoengine\kleptoeditor\verbose\kleptoeditor.tlog\cl.read.1.tlog
c:\users\benjamin\documents\visual studio 2013\projects\kleptoengine\kleptoeditor\verbose\kleptoeditor.tlog\cl.write.1.tlog
c:\users\benjamin\documents\visual studio 2013\projects\kleptoengine\kleptoeditor\verbose\kleptoeditor.tlog\link-cvtres.read.1.tlog
c:\users\benjamin\documents\visual studio 2013\projects\kleptoengine\kleptoeditor\verbose\kleptoeditor.tlog\link-cvtres.write.1.tlog
c:\users\benjamin\documents\visual studio 2013\projects\kleptoengine\kleptoeditor\verbose\kleptoeditor.tlog\link-rc.read.1.tlog
c:\users\benjamin\documents\visual studio 2013\projects\kleptoengine\kleptoeditor\verbose\kleptoeditor.tlog\link-rc.write.1.tlog
c:\users\benjamin\documents\visual studio 2013\projects\kleptoengine\kleptoeditor\verbose\kleptoeditor.tlog\link.7688-cvtres.read.1.tlog
c:\users\benjamin\documents\visual studio 2013\projects\kleptoengine\kleptoeditor\verbose\kleptoeditor.tlog\link.7688-cvtres.write.1.tlog
c:\users\benjamin\documents\visual studio 2013\projects\kleptoengine\kleptoeditor\verbose\kleptoeditor.tlog\link.7688-rc.read.1.tlog
c:\users\benjamin\documents\visual studio 2013\projects\kleptoengine\kleptoeditor\verbose\kleptoeditor.tlog\link.7688-rc.write.1.tlog
c:\users\benjamin\documents\visual studio 2013\projects\kleptoengine\kleptoeditor\verbose\kleptoeditor.tlog\link.7688.read.1.tlog
c:\users\benjamin\documents\visual studio 2013\projects\kleptoengine\kleptoeditor\verbose\kleptoeditor.tlog\link.7688.write.1.tlog
c:\users\benjamin\documents\visual studio 2013\projects\kleptoengine\kleptoeditor\verbose\kleptoeditor.tlog\link.command.1.tlog
c:\users\benjamin\documents\visual studio 2013\projects\kleptoengine\kleptoeditor\verbose\kleptoeditor.tlog\link.read.1.tlog
c:\users\benjamin\documents\visual studio 2013\projects\kleptoengine\kleptoeditor\verbose\kleptoeditor.tlog\link.write.1.tlog
