Build started 2015-02-25 12:52:02 AM.
     1>Project "C:\Users\Benjamin\Documents\Visual Studio 2013\Projects\KleptoEngine\KleptoEngine\KleptoEngine.vcxproj" on node 2 (Build target(s)).
     1>ClCompile:
         C:\Program Files (x86)\Microsoft Visual Studio 12.0\VC\bin\CL.exe /c /I"C:\Users\Benjamin\Documents\Visual Studio 2013\Projects\KleptoEngine\SharedFiles" /I"C:\Users\Benjamin\Documents\Visual Studio 2013\Projects\KleptoEngine\OpenAL/include" /I"C:\Users\Benjamin\Documents\Visual Studio 2013\Projects\KleptoEngine\LibPng/Include" /I"C:\Users\Benjamin\Documents\Visual Studio 2013\Projects\KleptoEngine\FreeGlut/Include" /I"C:\Users\Benjamin\Documents\Visual Studio 2013\Projects\KleptoEngine\FreeType/Include" /ZI /nologo /W3 /WX- /sdl /Od /Oy- /D _MBCS /Gm /EHsc /RTC1 /MDd /GS /fp:precise /Zc:wchar_t /Zc:forScope /Fo"Debug\\" /Fd"Debug\vc120.pdb" /Gd /TP /analyze- /errorReport:prompt Actor.cpp AnimationSequence.cpp BasicEntity.cpp BasicObject.cpp EngineSource.cpp Image.cpp Player.cpp Renderer.cpp Sprite.cpp Tile.cpp World2D.cpp WorldObject2D.cpp
         World2D.cpp
         Renderer.cpp
     1>c:\users\benjamin\documents\visual studio 2013\projects\kleptoengine\kleptoengine\renderer.cpp(107): warning C4244: 'argument' : conversion from 'ULong' to 'GLdouble', possible loss of data
     1>c:\users\benjamin\documents\visual studio 2013\projects\kleptoengine\kleptoengine\renderer.cpp(108): warning C4244: 'argument' : conversion from 'ULong' to 'GLsizei', possible loss of data
     1>c:\users\benjamin\documents\visual studio 2013\projects\kleptoengine\kleptoengine\renderer.cpp(146): warning C4244: 'argument' : conversion from 'ULong' to 'GLdouble', possible loss of data
     1>c:\users\benjamin\documents\visual studio 2013\projects\kleptoengine\kleptoengine\renderer.cpp(147): warning C4244: 'argument' : conversion from 'ULong' to 'GLsizei', possible loss of data
     1>c:\users\benjamin\documents\visual studio 2013\projects\kleptoengine\kleptoengine\renderer.cpp(373): warning C4244: 'argument' : conversion from 'ULong' to 'GLdouble', possible loss of data
     1>c:\users\benjamin\documents\visual studio 2013\projects\kleptoengine\kleptoengine\renderer.cpp(374): warning C4244: 'argument' : conversion from 'ULong' to 'GLsizei', possible loss of data
         EngineSource.cpp
         Generating Code...
         Compiling...
         WorldObject2D.cpp
         Tile.cpp
         Sprite.cpp
         Player.cpp
         Image.cpp
         BasicObject.cpp
         BasicEntity.cpp
         AnimationSequence.cpp
         Actor.cpp
         Generating Code...
       Link:
         C:\Program Files (x86)\Microsoft Visual Studio 12.0\VC\bin\link.exe /ERRORREPORT:PROMPT /OUT:"C:\Users\Benjamin\Documents\Visual Studio 2013\Projects\KleptoEngine\Debug\KleptoEngine.exe" /INCREMENTAL /NOLOGO /LIBPATH:"C:\Users\Benjamin\Documents\Visual Studio 2013\Projects\KleptoEngine\OpenAL/libs/Win32" /LIBPATH:"C:\Users\Benjamin\Documents\Visual Studio 2013\Projects\KleptoEngine\LibPng/Lib/Release" /LIBPATH:"C:\Users\Benjamin\Documents\Visual Studio 2013\Projects\KleptoEngine\FreeType/Libs/Debug" /LIBPATH:"C:\Users\Benjamin\Documents\Visual Studio 2013\Projects\KleptoEngine\FreeGlut/libs/Debug" "EFX-Util_MTDLL/EFX-Util.lib" "EFX-Util_MT/EFX-Util.lib" OpenAL32.lib freetype240.lib freeglut.lib libpng16.lib kernel32.lib user32.lib gdi32.lib winspool.lib comdlg32.lib advapi32.lib shell32.lib ole32.lib oleaut32.lib uuid.lib odbc32.lib odbccp32.lib kernel32.lib user32.lib gdi32.lib winspool.lib comdlg32.lib advapi32.lib shell32.lib ole32.lib oleaut32.lib uuid.lib odbc32.lib odbccp32.lib /MANIFEST /MANIFESTUAC:"level='asInvoker' uiAccess='false'" /manifest:embed /DEBUG /PDB:"C:\Users\Benjamin\Documents\Visual Studio 2013\Projects\KleptoEngine\Debug\KleptoEngine.pdb" /TLBID:1 /DYNAMICBASE /NXCOMPAT /IMPLIB:"C:\Users\Benjamin\Documents\Visual Studio 2013\Projects\KleptoEngine\Debug\KleptoEngine.lib" /MACHINE:X86 Debug\VectorTypes.obj
         Debug\Actor.obj
         Debug\AnimationSequence.obj
         Debug\BasicEntity.obj
         Debug\BasicObject.obj
         Debug\Image.obj
         Debug\Player.obj
         Debug\Renderer.obj
         Debug\EngineSource.obj
         Debug\Sprite.obj
         Debug\Tile.obj
         Debug\Timer.obj
         Debug\World2D.obj
         Debug\WorldObject2D.obj
         KleptoEngine.vcxproj -> C:\Users\Benjamin\Documents\Visual Studio 2013\Projects\KleptoEngine\Debug\KleptoEngine.exe
     1>Done Building Project "C:\Users\Benjamin\Documents\Visual Studio 2013\Projects\KleptoEngine\KleptoEngine\KleptoEngine.vcxproj" (Build target(s)).

Build succeeded.

Time Elapsed 00:00:18.29
