Build started 2015-01-22 5:09:13 PM.
     1>Project "C:\Users\Benjamin\Documents\Visual Studio 2013\Projects\KleptoEngine\KleptoEngine\KleptoEngine.vcxproj" on node 2 (Build target(s)).
     1>ClCompile:
         C:\Program Files (x86)\Microsoft Visual Studio 12.0\VC\bin\CL.exe /c /I"C:\Users\Benjamin\Documents\Visual Studio 2013\Projects\KleptoEngine\LibPng/Include" /I"C:\Users\Benjamin\Documents\Visual Studio 2013\Projects\KleptoEngine\FreeGlut/Include" /ZI /nologo /W3 /WX- /sdl /Od /Oy- /D _MBCS /Gm /EHsc /RTC1 /MDd /GS /fp:precise /Zc:wchar_t /Zc:forScope /Fo"Debug\\" /Fd"Debug\vc120.pdb" /Gd /TP /analyze- /errorReport:prompt Source.cpp
         Source.cpp
       Link:
         C:\Program Files (x86)\Microsoft Visual Studio 12.0\VC\bin\link.exe /ERRORREPORT:PROMPT /OUT:"C:\Users\Benjamin\Documents\Visual Studio 2013\Projects\KleptoEngine\Debug\KleptoEngine.exe" /INCREMENTAL /NOLOGO /LIBPATH:"C:\Users\Benjamin\Documents\Visual Studio 2013\Projects\KleptoEngine\LibPng/Lib/Release" /LIBPATH:"C:\Users\Benjamin\Documents\Visual Studio 2013\Projects\KleptoEngine\FreeGlut/libs/Debug" freeglut.lib libpng16.lib kernel32.lib user32.lib gdi32.lib winspool.lib comdlg32.lib advapi32.lib shell32.lib ole32.lib oleaut32.lib uuid.lib odbc32.lib odbccp32.lib kernel32.lib user32.lib gdi32.lib winspool.lib comdlg32.lib advapi32.lib shell32.lib ole32.lib oleaut32.lib uuid.lib odbc32.lib odbccp32.lib /MANIFEST /MANIFESTUAC:"level='asInvoker' uiAccess='false'" /manifest:embed /DEBUG /PDB:"C:\Users\Benjamin\Documents\Visual Studio 2013\Projects\KleptoEngine\Debug\KleptoEngine.pdb" /TLBID:1 /DYNAMICBASE /NXCOMPAT /IMPLIB:"C:\Users\Benjamin\Documents\Visual Studio 2013\Projects\KleptoEngine\Debug\KleptoEngine.lib" /MACHINE:X86 Debug\Actor.obj
         Debug\BasicEntity.obj
         Debug\BasicObject.obj
         Debug\Image.obj
         Debug\Player.obj
         Debug\Renderer.obj
         Debug\Source.obj
         Debug\Sprite.obj
         Debug\Tile.obj
         Debug\VectorTypes.obj
         Debug\World2D.obj
         Debug\WorldObject2D.obj
         KleptoEngine.vcxproj -> C:\Users\Benjamin\Documents\Visual Studio 2013\Projects\KleptoEngine\Debug\KleptoEngine.exe
     1>Done Building Project "C:\Users\Benjamin\Documents\Visual Studio 2013\Projects\KleptoEngine\KleptoEngine\KleptoEngine.vcxproj" (Build target(s)).

Build succeeded.

Time Elapsed 00:00:01.39
