Build started 2015-02-25 12:40:53 AM.
     1>Project "C:\Users\Benjamin\Documents\Visual Studio 2013\Projects\KleptoEngine\KleptoEngine\KleptoEngine.vcxproj" on node 2 (Build target(s)).
     1>ClCompile:
         C:\Program Files (x86)\Microsoft Visual Studio 12.0\VC\bin\CL.exe /c /I"C:\Users\Benjamin\Documents\Visual Studio 2013\Projects\KleptoEngine\SharedFiles" /I"C:\Users\Benjamin\Documents\Visual Studio 2013\Projects\KleptoEngine\OpenAL/include" /I"C:\Users\Benjamin\Documents\Visual Studio 2013\Projects\KleptoEngine\LibPng/Include" /I"C:\Users\Benjamin\Documents\Visual Studio 2013\Projects\KleptoEngine\FreeGlut/Include" /I"C:\Users\Benjamin\Documents\Visual Studio 2013\Projects\KleptoEngine\FreeType/Include" /Zi /nologo /W3 /WX- /sdl /O2 /Oi /Oy- /GL /D _MBCS /Gm- /EHsc /MD /GS /Gy /fp:precise /Zc:wchar_t /Zc:forScope /Fo"Release\\" /Fd"Release\vc120.pdb" /Gd /TP /analyze- /errorReport:prompt EngineSource.cpp
         EngineSource.cpp
       Link:
         C:\Program Files (x86)\Microsoft Visual Studio 12.0\VC\bin\link.exe /ERRORREPORT:PROMPT /OUT:"C:\Users\Benjamin\Documents\Visual Studio 2013\Projects\KleptoEngine\Release\KleptoEngine.exe" /NOLOGO /LIBPATH:"C:\Users\Benjamin\Documents\Visual Studio 2013\Projects\KleptoEngine\OpenAL/libs/Win32" /LIBPATH:"C:\Users\Benjamin\Documents\Visual Studio 2013\Projects\KleptoEngine\LibPng/Lib/Release" /LIBPATH:"C:\Users\Benjamin\Documents\Visual Studio 2013\Projects\KleptoEngine\FreeType/Libs/x86" /LIBPATH:"C:\Users\Benjamin\Documents\Visual Studio 2013\Projects\KleptoEngine\FreeGlut/libs/x86" "EFX-Util_MTDLL/EFX-Util.lib" "EFX-Util_MT/EFX-Util.lib" OpenAL32.lib freetype240.lib freeglut.lib libpng16.lib kernel32.lib user32.lib gdi32.lib winspool.lib comdlg32.lib advapi32.lib shell32.lib ole32.lib oleaut32.lib uuid.lib odbc32.lib odbccp32.lib kernel32.lib user32.lib gdi32.lib winspool.lib comdlg32.lib advapi32.lib shell32.lib ole32.lib oleaut32.lib uuid.lib odbc32.lib odbccp32.lib /MANIFEST /MANIFESTUAC:"level='asInvoker' uiAccess='false'" /manifest:embed /DEBUG /PDB:"C:\Users\Benjamin\Documents\Visual Studio 2013\Projects\KleptoEngine\Release\KleptoEngine.pdb" /OPT:REF /OPT:ICF /LTCG /TLBID:1 /DYNAMICBASE /NXCOMPAT /IMPLIB:"C:\Users\Benjamin\Documents\Visual Studio 2013\Projects\KleptoEngine\Release\KleptoEngine.lib" /MACHINE:X86 /SAFESEH Release\VectorTypes.obj
         Release\Actor.obj
         Release\AnimationSequence.obj
         Release\BasicEntity.obj
         Release\BasicObject.obj
         Release\Image.obj
         Release\Player.obj
         Release\Renderer.obj
         Release\EngineSource.obj
         Release\Sprite.obj
         Release\Tile.obj
         Release\Timer.obj
         Release\World2D.obj
         Release\WorldObject2D.obj
         Generating code
         Finished generating code
         KleptoEngine.vcxproj -> C:\Users\Benjamin\Documents\Visual Studio 2013\Projects\KleptoEngine\Release\KleptoEngine.exe
     1>Done Building Project "C:\Users\Benjamin\Documents\Visual Studio 2013\Projects\KleptoEngine\KleptoEngine\KleptoEngine.vcxproj" (Build target(s)).

Build succeeded.

Time Elapsed 00:00:03.14
