c:\users\benjamin\documents\visual studio 2013\projects\kleptoengine\kleptoengine\release\vc120.pdb
c:\users\benjamin\documents\visual studio 2013\projects\kleptoengine\kleptoengine\release\worldobject2d.obj
c:\users\benjamin\documents\visual studio 2013\projects\kleptoengine\kleptoengine\release\world2d.obj
c:\users\benjamin\documents\visual studio 2013\projects\kleptoengine\kleptoengine\release\vectortypes.obj
c:\users\benjamin\documents\visual studio 2013\projects\kleptoengine\kleptoengine\release\tile.obj
c:\users\benjamin\documents\visual studio 2013\projects\kleptoengine\kleptoengine\release\sprite.obj
c:\users\benjamin\documents\visual studio 2013\projects\kleptoengine\kleptoengine\release\renderer.obj
c:\users\benjamin\documents\visual studio 2013\projects\kleptoengine\kleptoengine\release\player.obj
c:\users\benjamin\documents\visual studio 2013\projects\kleptoengine\kleptoengine\release\image.obj
c:\users\benjamin\documents\visual studio 2013\projects\kleptoengine\kleptoengine\release\basicobject.obj
c:\users\benjamin\documents\visual studio 2013\projects\kleptoengine\kleptoengine\release\basicentity.obj
c:\users\benjamin\documents\visual studio 2013\projects\kleptoengine\kleptoengine\release\actor.obj
c:\users\benjamin\documents\visual studio 2013\projects\kleptoengine\kleptoengine\release\source.obj
c:\users\benjamin\documents\visual studio 2013\projects\kleptoengine\kleptoengine\release\animationsequence.obj
c:\users\benjamin\documents\visual studio 2013\projects\kleptoengine\release\kleptoengine.exe
c:\users\benjamin\documents\visual studio 2013\projects\kleptoengine\release\kleptoengine.pdb
c:\users\benjamin\documents\visual studio 2013\projects\kleptoengine\kleptoengine\release\kleptoengine.tlog\cl.command.1.tlog
c:\users\benjamin\documents\visual studio 2013\projects\kleptoengine\kleptoengine\release\kleptoengine.tlog\cl.read.1.tlog
c:\users\benjamin\documents\visual studio 2013\projects\kleptoengine\kleptoengine\release\kleptoengine.tlog\cl.write.1.tlog
c:\users\benjamin\documents\visual studio 2013\projects\kleptoengine\kleptoengine\release\kleptoengine.tlog\link.command.1.tlog
c:\users\benjamin\documents\visual studio 2013\projects\kleptoengine\kleptoengine\release\kleptoengine.tlog\link.read.1.tlog
c:\users\benjamin\documents\visual studio 2013\projects\kleptoengine\kleptoengine\release\kleptoengine.tlog\link.write.1.tlog
