c:\users\benjamin\documents\visual studio 2013\projects\pure kleptomania\pure kleptomania\debug\vc120.pdb
c:\users\benjamin\documents\visual studio 2013\projects\pure kleptomania\pure kleptomania\debug\vc120.idb
c:\users\benjamin\documents\visual studio 2013\projects\pure kleptomania\pure kleptomania\debug\source.obj
c:\users\benjamin\documents\visual studio 2013\projects\pure kleptomania\pure kleptomania\debug\basicobject.obj
c:\users\benjamin\documents\visual studio 2013\projects\pure kleptomania\pure kleptomania\debug\worldobject2d.obj
c:\users\benjamin\documents\visual studio 2013\projects\pure kleptomania\pure kleptomania\debug\tile.obj
c:\users\benjamin\documents\visual studio 2013\projects\pure kleptomania\pure kleptomania\debug\world2d.obj
c:\users\benjamin\documents\visual studio 2013\projects\pure kleptomania\pure kleptomania\debug\sprite.obj
c:\users\benjamin\documents\visual studio 2013\projects\pure kleptomania\pure kleptomania\debug\player.obj
c:\users\benjamin\documents\visual studio 2013\projects\pure kleptomania\pure kleptomania\debug\actor.obj
c:\users\benjamin\documents\visual studio 2013\projects\pure kleptomania\pure kleptomania\debug\renderer.obj
c:\users\benjamin\documents\visual studio 2013\projects\pure kleptomania\pure kleptomania\debug\vectortypes.obj
c:\users\benjamin\documents\visual studio 2013\projects\pure kleptomania\pure kleptomania\debug\image.obj
c:\users\benjamin\documents\visual studio 2013\projects\pure kleptomania\pure kleptomania\debug\basicentity.obj
c:\users\benjamin\documents\visual studio 2013\projects\pure kleptomania\debug\pure kleptomania.ilk
c:\users\benjamin\documents\visual studio 2013\projects\pure kleptomania\debug\pure kleptomania.exe
c:\users\benjamin\documents\visual studio 2013\projects\pure kleptomania\debug\pure kleptomania.pdb
c:\users\benjamin\documents\visual studio 2013\projects\pure kleptomania\pure kleptomania\debug\pure kleptomania.tlog\cl.command.1.tlog
c:\users\benjamin\documents\visual studio 2013\projects\pure kleptomania\pure kleptomania\debug\pure kleptomania.tlog\cl.read.1.tlog
c:\users\benjamin\documents\visual studio 2013\projects\pure kleptomania\pure kleptomania\debug\pure kleptomania.tlog\cl.write.1.tlog
c:\users\benjamin\documents\visual studio 2013\projects\pure kleptomania\pure kleptomania\debug\pure kleptomania.tlog\link.command.1.tlog
c:\users\benjamin\documents\visual studio 2013\projects\pure kleptomania\pure kleptomania\debug\pure kleptomania.tlog\link.read.1.tlog
c:\users\benjamin\documents\visual studio 2013\projects\pure kleptomania\pure kleptomania\debug\pure kleptomania.tlog\link.write.1.tlog
