Build started 2014-11-04 12:33:25 PM.
     1>Project "C:\Users\Benjamin\Documents\Visual Studio 2013\Projects\Pure Kleptomania\Pure Kleptomania\Pure Kleptomania.vcxproj" on node 2 (Build target(s)).
     1>ClCompile:
         C:\Program Files (x86)\Microsoft Visual Studio 12.0\VC\bin\CL.exe /c /I"C:\Users\Benjamin\Documents\Visual Studio 2013\Projects\Pure Kleptomania\LibPng\include" /I"C:\Users\Benjamin\Documents\Visual Studio 2013\Projects\Pure Kleptomania\FreeGlut\include" /ZI /nologo /W3 /WX- /sdl /Od /Oy- /D _VERBOSE /D _MBCS /Gm /EHsc /RTC1 /MD /GS /fp:precise /Zc:wchar_t /Zc:forScope /Fo"Verbose\\" /Fd"Verbose\vc120.pdb" /Gd /TP /analyze- /errorReport:prompt Source.cpp
         Source.cpp
     1>c:\users\benjamin\documents\visual studio 2013\projects\pure kleptomania\pure kleptomania\vectortypes.h(79): warning C4244: '*=' : conversion from 'ULong' to 'int', possible loss of data
     1>c:\users\benjamin\documents\visual studio 2013\projects\pure kleptomania\pure kleptomania\vectortypes.h(85): warning C4244: '/=' : conversion from 'ULong' to 'int', possible loss of data
     1>c:\users\benjamin\documents\visual studio 2013\projects\pure kleptomania\pure kleptomania\vectortypes.h(154): warning C4172: returning address of local variable or temporary
     1>c:\users\benjamin\documents\visual studio 2013\projects\pure kleptomania\pure kleptomania\vectortypes.h(160): warning C4172: returning address of local variable or temporary
     1>c:\users\benjamin\documents\visual studio 2013\projects\pure kleptomania\pure kleptomania\vectortypes.h(185): warning C4244: '*=' : conversion from 'double' to 'ULong', possible loss of data
     1>c:\users\benjamin\documents\visual studio 2013\projects\pure kleptomania\pure kleptomania\vectortypes.h(190): warning C4244: '/=' : conversion from 'double' to 'ULong', possible loss of data
       Link:
         C:\Program Files (x86)\Microsoft Visual Studio 12.0\VC\bin\link.exe /ERRORREPORT:PROMPT /OUT:"C:\Users\Benjamin\Documents\Visual Studio 2013\Projects\Pure Kleptomania\Verbose\Pure Kleptomania.exe" /INCREMENTAL /NOLOGO /LIBPATH:"C:\Users\Benjamin\Documents\Visual Studio 2013\Projects\Pure Kleptomania\LibPng/Lib/Debug" /LIBPATH:"C:\Users\Benjamin\Documents\Visual Studio 2013\Projects\Pure Kleptomania\FreeGlut/libs/Debug" libpng16.lib freeglut.lib kernel32.lib user32.lib gdi32.lib winspool.lib comdlg32.lib advapi32.lib shell32.lib ole32.lib oleaut32.lib uuid.lib odbc32.lib odbccp32.lib kernel32.lib user32.lib gdi32.lib winspool.lib comdlg32.lib advapi32.lib shell32.lib ole32.lib oleaut32.lib uuid.lib odbc32.lib odbccp32.lib /MANIFEST /MANIFESTUAC:"level='asInvoker' uiAccess='false'" /manifest:embed /DEBUG /PDB:"C:\Users\Benjamin\Documents\Visual Studio 2013\Projects\Pure Kleptomania\Verbose\Pure Kleptomania.pdb" /TLBID:1 /DYNAMICBASE /NXCOMPAT /IMPLIB:"C:\Users\Benjamin\Documents\Visual Studio 2013\Projects\Pure Kleptomania\Verbose\Pure Kleptomania.lib" /MACHINE:X86 Verbose\BasicObject.obj
         Verbose\Image.obj
         Verbose\Player.obj
         Verbose\Renderer.obj
         Verbose\Source.obj
         Verbose\Actor.obj
         Verbose\Sprite.obj
         Verbose\Tile.obj
         Verbose\VectorTypes.obj
         Verbose\World2D.obj
         Verbose\WorldObject2D.obj
         Pure Kleptomania.vcxproj -> C:\Users\Benjamin\Documents\Visual Studio 2013\Projects\Pure Kleptomania\Verbose\Pure Kleptomania.exe
     1>Done Building Project "C:\Users\Benjamin\Documents\Visual Studio 2013\Projects\Pure Kleptomania\Pure Kleptomania\Pure Kleptomania.vcxproj" (Build target(s)).

Build succeeded.

Time Elapsed 00:00:03.05
